
/home/runner/work/exp-charactertizing-extrema-iitb/exp-charactertizing-extrema-iitb/experiment/simulation/common_libraries/js/ts_components/collapse_step.js
   1:10  warning  'show_step' is defined but never used                 no-unused-vars
   2:5   warning  '$' is not defined                                    no-undef
   3:9   warning  '$' is not defined                                    no-undef
   6:10  warning  'hide_step' is defined but never used                 no-unused-vars
   7:5   warning  '$' is not defined                                    no-undef
   8:9   warning  '$' is not defined                                    no-undef
  11:10  warning  'get_collapse_btn_text' is defined but never used     no-unused-vars
  20:10  warning  'get_collapse_btn_element' is defined but never used  no-unused-vars
  29:10  warning  'hide_all_steps' is defined but never used            no-unused-vars
  31:9   warning  '$' is not defined                                    no-undef

/home/runner/work/exp-charactertizing-extrema-iitb/exp-charactertizing-extrema-iitb/experiment/simulation/common_libraries/js/ts_components/matrix.js
   27:26  warning  'MathJax' is not defined                                no-undef
   32:7   warning  'Matrix_Without_String' is defined but never used       no-unused-vars
   52:26  warning  'MathJax' is not defined                                no-undef
   56:10  warning  'get_matrix_html' is defined but never used             no-unused-vars
   87:13  warning  'row_html' is assigned a value but never used           no-unused-vars
   99:10  warning  'get_matrix_html_with_title' is defined but never used  no-unused-vars
  131:13  warning  'row_html' is assigned a value but never used           no-unused-vars
  143:10  warning  'convert_2d_to_1d_vector' is defined but never used     no-unused-vars
  156:10  warning  'convert_1d_to_2d_matrix' is defined but never used     no-unused-vars

/home/runner/work/exp-charactertizing-extrema-iitb/exp-charactertizing-extrema-iitb/experiment/simulation/common_libraries/js/ts_components/matrix_2d.js
    2:10  warning  'toLatexBMatrix' is defined but never used              no-unused-vars
   29:10  warning  'toLatexDeterminant' is defined but never used          no-unused-vars
   61:10  warning  'renderMatrixInputs' is defined but never used          no-unused-vars
  111:10  warning  'readMatrix2D' is defined but never used                no-unused-vars
  130:10  warning  'verifyMatrix2D' is defined but never used              no-unused-vars
  141:18  warning  'verify_values' is not defined                          no-undef
  148:10  warning  'transposeMatrix' is defined but never used             no-unused-vars
  165:10  warning  'multiplyMatrices' is defined but never used            no-unused-vars
  200:10  warning  'inverseMatrix' is defined but never used               no-unused-vars
  255:10  warning  'determinant' is defined but never used                 no-unused-vars
  305:10  warning  'convertMatrixInputsToSpans' is defined but never used  no-unused-vars

/home/runner/work/exp-charactertizing-extrema-iitb/exp-charactertizing-extrema-iitb/experiment/simulation/common_libraries/js/ts_components/pannel.js
  8:7  warning  'Pannel' is defined but never used  no-unused-vars

/home/runner/work/exp-charactertizing-extrema-iitb/exp-charactertizing-extrema-iitb/experiment/simulation/common_libraries/js/ts_components/questions.js
   6:17  warning  'op1' is assigned a value but never used      no-unused-vars
   7:17  warning  'op2' is assigned a value but never used      no-unused-vars
   8:17  warning  'op3' is assigned a value but never used      no-unused-vars
   9:17  warning  'op4' is assigned a value but never used      no-unused-vars
  94:7   warning  'Question_Options' is defined but never used  no-unused-vars

/home/runner/work/exp-charactertizing-extrema-iitb/exp-charactertizing-extrema-iitb/experiment/simulation/common_libraries/js/ts_components/tables.js
   19:22  warning  'verify_values' is not defined                                     no-undef
  137:22  warning  'verify_values' is not defined                                     no-undef
  260:7   warning  'Verify_Rows_Cols_6_decimal_places' is defined but never used      no-unused-vars
  311:22  warning  'verify_values' is not defined                                     no-undef
  416:7   warning  'Verify_Rows_Cols_Custom_Fixed_Update1' is defined but never used  no-unused-vars
  468:7   warning  'Show_Table_Custom_Fixed' is defined but never used                no-unused-vars
  506:7   warning  'Verify_Rows_Cols_Strings' is defined but never used               no-unused-vars
  527:22  warning  'verify_values' is not defined                                     no-undef
  663:7   warning  'Display_Table' is defined but never used                          no-unused-vars

/home/runner/work/exp-charactertizing-extrema-iitb/exp-charactertizing-extrema-iitb/experiment/simulation/common_libraries/js/ts_math_library/general_math_functions.js
    1:10  warning  'verify_values' is defined but never used                   no-unused-vars
   17:10  warning  'random1' is defined but never used                         no-unused-vars
   21:10  warning  'std_deviation' is defined but never used                   no-unused-vars
   26:10  warning  'gauss' is defined but never used                           no-unused-vars
   56:10  warning  'hide_panel' is defined but never used                      no-unused-vars
   63:10  warning  'inverse_matrix' is defined but never used                  no-unused-vars
   96:10  warning  'matrix_multiplication' is defined but never used           no-unused-vars
  113:10  warning  'transpose_matrix' is defined but never used                no-unused-vars
  123:10  warning  'matrix_multiplication_8decimal' is defined but never used  no-unused-vars
  140:10  warning  'adjoint_2x2_matrix' is defined but never used              no-unused-vars
  145:10  warning  'find_deteminant' is defined but never used                 no-unused-vars
  174:10  warning  'get_Submatrix' is defined but never used                   no-unused-vars

/home/runner/work/exp-charactertizing-extrema-iitb/exp-charactertizing-extrema-iitb/experiment/simulation/common_libraries/js/ts_math_library/regression.js
   1:10  warning  'regression_linear' is defined but never used            no-unused-vars
  18:10  warning  'regression_linear_1variable' is defined but never used  no-unused-vars
  27:10  warning  'regression_linear_2variable' is defined but never used  no-unused-vars
  52:11  warning  'gauss' is not defined                                   no-undef

/home/runner/work/exp-charactertizing-extrema-iitb/exp-charactertizing-extrema-iitb/experiment/simulation/common_libraries/math.ob.js
  1:745  warning  'b' is already defined  no-redeclare

/home/runner/work/exp-charactertizing-extrema-iitb/exp-charactertizing-extrema-iitb/experiment/simulation/js/activity1.js
   13:24   warning  'MathJax' is not defined                            no-undef
   15:10   warning  'start_act1' is defined but never used              no-unused-vars
   21:20   warning  'get_collapse_btn_text' is not defined              no-undef
   30:25   warning  'b' is not defined                                  no-undef
   30:42   warning  'd' is not defined                                  no-undef
  148:5    warning  'hide_all_steps' is not defined                     no-undef
  149:5    warning  'show_step' is not defined                          no-undef
  150:24   warning  'MathJax' is not defined                            no-undef
  153:5    warning  'a' is not defined                                  no-undef
  154:5    warning  'b' is not defined                                  no-undef
  155:5    warning  'c' is not defined                                  no-undef
  156:5    warning  'd' is not defined                                  no-undef
  157:5    warning  'b' is not defined                                  no-undef
  157:9    warning  'random1' is not defined                            no-undef
  158:5    warning  'd' is not defined                                  no-undef
  158:9    warning  'random1' is not defined                            no-undef
  159:24   warning  'a' is not defined                                  no-undef
  160:24   warning  'b' is not defined                                  no-undef
  161:24   warning  'c' is not defined                                  no-undef
  162:24   warning  'd' is not defined                                  no-undef
  164:10   warning  'act1_verify_j' is defined but never used           no-unused-vars
  165:5    warning  'j_num' is not defined                              no-undef
  165:16   warning  'a' is not defined                                  no-undef
  165:24   warning  'b' is not defined                                  no-undef
  165:29   warning  'd' is not defined                                  no-undef
  166:5    warning  'j_dem' is not defined                              no-undef
  166:16   warning  'c' is not defined                                  no-undef
  166:22   warning  'd' is not defined                                  no-undef
  167:28   warning  'j_num' is not defined                              no-undef
  168:28   warning  'j_dem' is not defined                              no-undef
  169:5    warning  'JValues' is not defined                            no-undef
  169:19   warning  'a' is not defined                                  no-undef
  169:27   warning  'b' is not defined                                  no-undef
  169:32   warning  'd' is not defined                                  no-undef
  169:41   warning  'c' is not defined                                  no-undef
  169:47   warning  'd' is not defined                                  no-undef
  172:14   warning  'verify_values_str' is not defined                  no-undef
  172:43   warning  'JValues' is not defined                            no-undef
  189:5    warning  'a1' is not defined                                 no-undef
  189:10   warning  'a' is not defined                                  no-undef
  190:5    warning  'b1' is not defined                                 no-undef
  190:22   warning  'd' is not defined                                  no-undef
  191:5    warning  'c1' is not defined                                 no-undef
  191:11   warning  'b' is not defined                                  no-undef
  192:5    warning  'x1' is not defined                                 no-undef
  192:12   warning  'b1' is not defined                                 no-undef
  192:36   warning  'b1' is not defined                                 no-undef
  192:50   warning  'a1' is not defined                                 no-undef
  192:55   warning  'c1' is not defined                                 no-undef
  192:68   warning  'a1' is not defined                                 no-undef
  193:5    warning  'x2' is not defined                                 no-undef
  193:12   warning  'b1' is not defined                                 no-undef
  193:36   warning  'b1' is not defined                                 no-undef
  193:50   warning  'a1' is not defined                                 no-undef
  193:55   warning  'c1' is not defined                                 no-undef
  193:68   warning  'a1' is not defined                                 no-undef
  194:5    warning  'y1' is not defined                                 no-undef
  194:12   warning  'd' is not defined                                  no-undef
  194:16   warning  'x1' is not defined                                 no-undef
  195:5    warning  'y2' is not defined                                 no-undef
  195:12   warning  'd' is not defined                                  no-undef
  195:16   warning  'x2' is not defined                                 no-undef
  197:10   warning  'verify_critical_points' is defined but never used  no-unused-vars
  198:25   warning  'x1' is not defined                                 no-undef
  199:25   warning  'x2' is not defined                                 no-undef
  200:25   warning  'y1' is not defined                                 no-undef
  201:25   warning  'y2' is not defined                                 no-undef
  209:14   warning  'verify_values' is not defined                      no-undef
  209:87   warning  'x1' is not defined                                 no-undef
  209:108  warning  'verify_values' is not defined                      no-undef
  209:181  warning  'x2' is not defined                                 no-undef
  218:14   warning  'verify_values' is not defined                      no-undef
  218:87   warning  'x2' is not defined                                 no-undef
  218:108  warning  'verify_values' is not defined                      no-undef
  218:181  warning  'x1' is not defined                                 no-undef
  233:14   warning  'verify_values' is not defined                      no-undef
  233:87   warning  'y1' is not defined                                 no-undef
  233:108  warning  'verify_values' is not defined                      no-undef
  233:181  warning  'y2' is not defined                                 no-undef
  242:14   warning  'verify_values' is not defined                      no-undef
  242:87   warning  'y2' is not defined                                 no-undef
  242:108  warning  'verify_values' is not defined                      no-undef
  242:181  warning  'y1' is not defined                                 no-undef

/home/runner/work/exp-charactertizing-extrema-iitb/exp-charactertizing-extrema-iitb/experiment/simulation/js/activity2.js
    1:10  warning  'activity2' is defined but never used       no-unused-vars
    4:20  warning  'get_collapse_btn_text' is not defined      no-undef
  112:5   warning  'maindiv' is not defined                    no-undef
  113:5   warning  'hide_all_steps' is not defined             no-undef
  115:9   warning  'MathJax' is not defined                    no-undef
  118:9   warning  'show_step' is not defined                  no-undef
  121:10  warning  'verify_act2_h' is defined but never used   no-unused-vars
  122:5   warning  'hxx' is not defined                        no-undef
  123:5   warning  'hxy' is not defined                        no-undef
  123:14  warning  'd' is not defined                          no-undef
  124:5   warning  'hyx' is not defined                        no-undef
  124:14  warning  'd' is not defined                          no-undef
  125:5   warning  'hyy' is not defined                        no-undef
  126:24  warning  'hxx' is not defined                        no-undef
  126:34  warning  'hxy' is not defined                        no-undef
  126:44  warning  'hyx' is not defined                        no-undef
  126:54  warning  'hyy' is not defined                        no-undef
  129:14  warning  'verify_values_str' is not defined          no-undef
  144:9   warning  'MathJax' is not defined                    no-undef
  147:10  warning  'verify_act2_d' is defined but never used   no-unused-vars
  148:5   warning  'd1' is not defined                         no-undef
  148:15  warning  'x1' is not defined                         no-undef
  148:34  warning  'd' is not defined                          no-undef
  149:5   warning  'd2' is not defined                         no-undef
  149:15  warning  'x2' is not defined                         no-undef
  149:34  warning  'd' is not defined                          no-undef
  150:25  warning  'x1' is not defined                         no-undef
  151:25  warning  'x2' is not defined                         no-undef
  152:25  warning  'd1' is not defined                         no-undef
  153:25  warning  'd2' is not defined                         no-undef
  154:21  warning  'd1' is not defined                         no-undef
  154:25  warning  'd2' is not defined                         no-undef
  157:14  warning  'verify_values' is not defined              no-undef
  172:10  warning  'verify_act2_hx' is defined but never used  no-unused-vars
  173:25  warning  'x1' is not defined                         no-undef
  174:25  warning  'x2' is not defined                         no-undef
  175:25  warning  'd1' is not defined                         no-undef
  176:25  warning  'd2' is not defined                         no-undef
  177:9   warning  'd1' is not defined                         no-undef
  177:14  warning  'd2' is not defined                         no-undef
  178:9   warning  'x1_bar' is not defined                     no-undef
  178:18  warning  'x1' is not defined                         no-undef
  179:9   warning  'x2_bar' is not defined                     no-undef
  179:18  warning  'x2' is not defined                         no-undef
  182:9   warning  'x1_bar' is not defined                     no-undef
  182:18  warning  'x2' is not defined                         no-undef
  183:9   warning  'x2_bar' is not defined                     no-undef
  183:18  warning  'x1' is not defined                         no-undef
  185:5   warning  'hxx1' is not defined                       no-undef
  185:16  warning  'x1_bar' is not defined                     no-undef
  186:5   warning  'hxx2' is not defined                       no-undef
  186:16  warning  'x2_bar' is not defined                     no-undef
  187:27  warning  'hxx1' is not defined                       no-undef
  188:27  warning  'hxx2' is not defined                       no-undef
  189:23  warning  'hxx1' is not defined                       no-undef
  189:29  warning  'hxx2' is not defined                       no-undef
  192:14  warning  'verify_values' is not defined              no-undef

/home/runner/work/exp-charactertizing-extrema-iitb/exp-charactertizing-extrema-iitb/experiment/simulation/js/data.js
   2:10  warning  'verify_values_abs' is defined but never used  no-unused-vars
  15:10  warning  'verify_values_str' is defined but never used  no-unused-vars
  20:5   warning  'tb_data' is assigned a value but never used   no-unused-vars
  21:5   warning  'acc_val' is defined but never used            no-unused-vars
  22:5   warning  'x0' is assigned a value but never used        no-unused-vars
  23:5   warning  'y0' is assigned a value but never used        no-unused-vars
  24:5   warning  'x_val' is assigned a value but never used     no-unused-vars
  25:5   warning  'h' is assigned a value but never used         no-unused-vars
  26:5   warning  'y_past' is defined but never used             no-unused-vars
  27:5   warning  'no_iter' is assigned a value but never used   no-unused-vars
  28:5   warning  'y_curr' is assigned a value but never used    no-unused-vars
  29:5   warning  'err' is defined but never used                no-unused-vars
  30:5   warning  'y_val' is assigned a value but never used     no-unused-vars
  31:5   warning  'y_values' is assigned a value but never used  no-unused-vars
  32:5   warning  'y_accval' is defined but never used           no-unused-vars
  33:5   warning  'y_accval1' is defined but never used          no-unused-vars
  34:5   warning  'a' is assigned a value but never used         no-unused-vars
  35:5   warning  'b' is assigned a value but never used         no-unused-vars
  36:5   warning  'c' is assigned a value but never used         no-unused-vars
  37:5   warning  'd' is assigned a value but never used         no-unused-vars
  38:5   warning  'j_num' is assigned a value but never used     no-unused-vars
  39:5   warning  'j_dem' is assigned a value but never used     no-unused-vars
  40:5   warning  'JValues' is defined but never used            no-unused-vars
  41:5   warning  'a1' is assigned a value but never used        no-unused-vars
  42:5   warning  'b1' is assigned a value but never used        no-unused-vars
  43:5   warning  'c1' is assigned a value but never used        no-unused-vars
  44:5   warning  'x1' is assigned a value but never used        no-unused-vars
  45:5   warning  'x2' is assigned a value but never used        no-unused-vars
  46:5   warning  'y1' is assigned a value but never used        no-unused-vars
  47:5   warning  'y2' is assigned a value but never used        no-unused-vars
  48:5   warning  'hxx' is assigned a value but never used       no-unused-vars
  49:5   warning  'hxy' is assigned a value but never used       no-unused-vars
  50:5   warning  'hyx' is assigned a value but never used       no-unused-vars
  51:5   warning  'hyy' is assigned a value but never used       no-unused-vars
  52:5   warning  'd1' is assigned a value but never used        no-unused-vars
  53:5   warning  'd2' is assigned a value but never used        no-unused-vars
  54:5   warning  'x1_bar' is assigned a value but never used    no-unused-vars
  55:5   warning  'x2_bar' is assigned a value but never used    no-unused-vars
  56:5   warning  'hxx1' is assigned a value but never used      no-unused-vars
  57:5   warning  'hxx2' is assigned a value but never used      no-unused-vars

/home/runner/work/exp-charactertizing-extrema-iitb/exp-charactertizing-extrema-iitb/experiment/simulation/js/modified_euler.js
   4:10  warning  'getyacc' is defined but never used  no-unused-vars
   6:9   warning  'y_curr' is not defined              no-undef
   6:16  warning  'no_iter' is not defined             no-undef
   7:9   warning  'err' is not defined                 no-undef
   7:33  warning  'y_curr' is not defined              no-undef
   7:40  warning  'no_iter' is not defined             no-undef
   8:18  warning  'y_curr' is not defined              no-undef
   8:25  warning  'no_iter' is not defined             no-undef
   9:9   warning  'no_iter' is not defined             no-undef
  10:14  warning  'err' is not defined                 no-undef
  11:13  warning  'y_curr' is not defined              no-undef

/home/runner/work/exp-charactertizing-extrema-iitb/exp-charactertizing-extrema-iitb/experiment/simulation/js/screen_size.js
  1:10  warning  'set_screen_size' is defined but never used  no-unused-vars

✖ 254 problems (0 errors, 254 warnings)

